Using pre-set license

 COMMAND LINE ARGUMENTS:
/Applications/Unity/Hub/Editor/2020.3.11f1/Unity.app/Contents/MacOS/Unity
-adb2
-batchMode
-noUpm
-name
AssetImportWorker1
-projectPath
/Users/jcp/Desktop/ICG-Project/Sumo Unity
-logFile
Logs/AssetImportWorker1.log
-srvPort
64082
Successfully changed project path to: /Users/jcp/Desktop/ICG-Project/Sumo Unity
/Users/jcp/Desktop/ICG-Project/Sumo Unity
Using Asset Import Pipeline V2.
Refreshing native plugins compatible for Editor in 64.77 ms, found 2 plugins.
Preloading 0 native plugins for Editor in 0.00 ms.
Initialize engine version: 2020.3.11f1 (99c7afb366b3)
[Subsystems] Discovering subsystems at path /Applications/Unity/Hub/Editor/2020.3.11f1/Unity.app/Contents/Resources/UnitySubsystems
[Subsystems] Discovering subsystems at path /Users/jcp/Desktop/ICG-Project/Sumo Unity/Assets
GfxDevice: creating device client; threaded=0
2021-06-22 11:31:42.732 Unity[29837:663652] Color LCD preferred device: Intel(R) Iris(TM) Plus Graphics 645 (low power)
2021-06-22 11:31:42.732 Unity[29837:663652] Metal devices available: 1
2021-06-22 11:31:42.732 Unity[29837:663652] 0: Intel(R) Iris(TM) Plus Graphics 645 (low power)
2021-06-22 11:31:42.733 Unity[29837:663652] Using device Intel(R) Iris(TM) Plus Graphics 645 (low power)
Initializing Metal device caps: Intel(R) Iris(TM) Plus Graphics 645
Initialize mono
Mono path[0] = '/Applications/Unity/Hub/Editor/2020.3.11f1/Unity.app/Contents/Managed'
Mono path[1] = '/Applications/Unity/Hub/Editor/2020.3.11f1/Unity.app/Contents/MonoBleedingEdge/lib/mono/unityjit'
Mono config path = '/Applications/Unity/Hub/Editor/2020.3.11f1/Unity.app/Contents/MonoBleedingEdge/etc'
Using monoOptions --debugger-agent=transport=dt_socket,embedding=1,server=y,suspend=n,address=127.0.0.1:56837
Begin MonoManager ReloadAssembly
Registering precompiled unity dll's ...
Register platform support module: /Applications/Unity/Hub/Editor/2020.3.11f1/Unity.app/Contents/PlaybackEngines/MacStandaloneSupport/UnityEditor.OSXStandalone.Extensions.dll
Registered in 0.000575 seconds.
Native extension for OSXStandalone target not found
Refreshing native plugins compatible for Editor in 52.49 ms, found 2 plugins.
Preloading 0 native plugins for Editor in 0.00 ms.
Mono: successfully reloaded assembly
- Completed reload, in  4.806 seconds
Platform modules already initialized, skipping
Registering precompiled user dll's ...
Registered in 0.009727 seconds.
Begin MonoManager ReloadAssembly
Native extension for OSXStandalone target not found
Refreshing native plugins compatible for Editor in 1.08 ms, found 2 plugins.
Preloading 0 native plugins for Editor in 0.00 ms.
Mono: successfully reloaded assembly
- Completed reload, in  1.512 seconds
Platform modules already initialized, skipping
========================================================================
Worker process is ready to serve import requests
Launching external process: /Applications/Unity/Hub/Editor/2020.3.11f1/Unity.app/Contents/Tools/UnityShaderCompiler
Launched and connected shader compiler UnityShaderCompiler after 0.03 seconds
Refreshing native plugins compatible for Editor in 0.95 ms, found 2 plugins.
Preloading 0 native plugins for Editor in 0.00 ms.
Unloading 2175 Unused Serialized files (Serialized files now loaded: 0)
System memory in use before: 220.8 MB.
System memory in use after: 220.4 MB.

Unloading 67 unused Assets to reduce memory usage. Loaded Objects now: 2617.
Total: 6.326975 ms (FindLiveObjects: 0.295556 ms CreateObjectMapping: 0.133381 ms MarkObjects: 5.378514 ms  DeleteObjects: 0.518394 ms)

========================================================================
Received Import Request.
  path: Assets/CameraControl.cs
  artifactKey: Guid(ae5488bd1e33e4d82a3041aa7173b415) Importer(815301076,1909f56bfc062723c751e8b465ee728b)
Start importing Assets/CameraControl.cs using Guid(ae5488bd1e33e4d82a3041aa7173b415) Importer(815301076,1909f56bfc062723c751e8b465ee728b)  -> (artifact id: '120cc6436df9bb1bc1eea73cda652fbb') in 0.504494 seconds
  Import took 0.508281 seconds .

========================================================================
Received Prepare
Registering precompiled user dll's ...
Registered in 0.005269 seconds.
Begin MonoManager ReloadAssembly
Native extension for OSXStandalone target not found
Refreshing native plugins compatible for Editor in 0.91 ms, found 2 plugins.
Preloading 0 native plugins for Editor in 0.00 ms.
Mono: successfully reloaded assembly
- Completed reload, in  1.422 seconds
Platform modules already initialized, skipping
Refreshing native plugins compatible for Editor in 0.94 ms, found 2 plugins.
Preloading 0 native plugins for Editor in 0.00 ms.
Unloading 2121 Unused Serialized files (Serialized files now loaded: 0)
System memory in use before: 220.7 MB.
System memory in use after: 220.4 MB.

Unloading 58 unused Assets to reduce memory usage. Loaded Objects now: 2620.
Total: 5.864271 ms (FindLiveObjects: 0.223451 ms CreateObjectMapping: 0.088749 ms MarkObjects: 4.921134 ms  DeleteObjects: 0.629678 ms)

========================================================================
Received Prepare
Registering precompiled user dll's ...
Registered in 0.006640 seconds.
Begin MonoManager ReloadAssembly
Native extension for OSXStandalone target not found
Refreshing native plugins compatible for Editor in 1.08 ms, found 2 plugins.
Preloading 0 native plugins for Editor in 0.00 ms.
Mono: successfully reloaded assembly
- Completed reload, in  1.515 seconds
Platform modules already initialized, skipping
Refreshing native plugins compatible for Editor in 0.90 ms, found 2 plugins.
Preloading 0 native plugins for Editor in 0.00 ms.
Unloading 2121 Unused Serialized files (Serialized files now loaded: 0)
System memory in use before: 221.2 MB.
System memory in use after: 220.8 MB.

Unloading 58 unused Assets to reduce memory usage. Loaded Objects now: 2623.
Total: 5.798879 ms (FindLiveObjects: 0.325381 ms CreateObjectMapping: 0.084770 ms MarkObjects: 4.853276 ms  DeleteObjects: 0.534507 ms)

========================================================================
Received Import Request.
  Time since last request: 380.777855 seconds.
  path: Assets/CameraControl.cs
  artifactKey: Guid(ae5488bd1e33e4d82a3041aa7173b415) Importer(815301076,1909f56bfc062723c751e8b465ee728b)
Start importing Assets/CameraControl.cs using Guid(ae5488bd1e33e4d82a3041aa7173b415) Importer(815301076,1909f56bfc062723c751e8b465ee728b)  -> (artifact id: '9fba7852a1349d09a24382f0ed0660ed') in 0.011784 seconds
  Import took 0.015596 seconds .

========================================================================
Received Prepare
Registering precompiled user dll's ...
Registered in 0.014120 seconds.
Begin MonoManager ReloadAssembly
Native extension for OSXStandalone target not found
Refreshing native plugins compatible for Editor in 0.92 ms, found 2 plugins.
Preloading 0 native plugins for Editor in 0.00 ms.
Mono: successfully reloaded assembly
- Completed reload, in  1.576 seconds
Platform modules already initialized, skipping
Refreshing native plugins compatible for Editor in 0.96 ms, found 2 plugins.
Preloading 0 native plugins for Editor in 0.00 ms.
Unloading 2121 Unused Serialized files (Serialized files now loaded: 0)
System memory in use before: 221.7 MB.
System memory in use after: 221.3 MB.

Unloading 58 unused Assets to reduce memory usage. Loaded Objects now: 2626.
Total: 5.948516 ms (FindLiveObjects: 0.380570 ms CreateObjectMapping: 0.126309 ms MarkObjects: 4.864369 ms  DeleteObjects: 0.576414 ms)

========================================================================
Received Prepare
Registering precompiled user dll's ...
Registered in 0.003769 seconds.
Begin MonoManager ReloadAssembly
Native extension for OSXStandalone target not found
Refreshing native plugins compatible for Editor in 0.93 ms, found 2 plugins.
Preloading 0 native plugins for Editor in 0.00 ms.
Mono: successfully reloaded assembly
- Completed reload, in  1.352 seconds
Platform modules already initialized, skipping
Refreshing native plugins compatible for Editor in 0.96 ms, found 2 plugins.
Preloading 0 native plugins for Editor in 0.00 ms.
Unloading 2120 Unused Serialized files (Serialized files now loaded: 0)
System memory in use before: 222.1 MB.
System memory in use after: 221.8 MB.

Unloading 58 unused Assets to reduce memory usage. Loaded Objects now: 2629.
Total: 5.704459 ms (FindLiveObjects: 0.228957 ms CreateObjectMapping: 0.085221 ms MarkObjects: 4.831914 ms  DeleteObjects: 0.557488 ms)

========================================================================
Received Prepare
Registering precompiled user dll's ...
Registered in 0.016278 seconds.
Begin MonoManager ReloadAssembly
Native extension for OSXStandalone target not found
Refreshing native plugins compatible for Editor in 1.17 ms, found 2 plugins.
Preloading 0 native plugins for Editor in 0.00 ms.
Mono: successfully reloaded assembly
- Completed reload, in  2.277 seconds
Platform modules already initialized, skipping
Refreshing native plugins compatible for Editor in 1.25 ms, found 2 plugins.
Preloading 0 native plugins for Editor in 0.00 ms.
Unloading 2120 Unused Serialized files (Serialized files now loaded: 0)
System memory in use before: 222.5 MB.
System memory in use after: 222.2 MB.

Unloading 58 unused Assets to reduce memory usage. Loaded Objects now: 2632.
Total: 11.109912 ms (FindLiveObjects: 0.774634 ms CreateObjectMapping: 0.136087 ms MarkObjects: 9.021203 ms  DeleteObjects: 1.176290 ms)

